# JRE version: Java(TM) SE Runtime Environment (8.0_45-b14) (build 1.8.0_45-b14)
# Java VM: Java HotSpot(TM) 64-Bit Server VM (25.45-b02 mixed mode bsd-amd64 compressed oops)
Heap:
 PSYoungGen      total 294912K, used 252779K [0x00000007aab00000, 0x00000007c0000000, 0x00000007c0000000)
  eden space 248832K, 100% used [0x00000007aab00000,0x00000007b9e00000,0x00000007b9e00000)
  from space 46080K, 8% used [0x00000007bd300000,0x00000007bd6dad30,0x00000007c0000000)
  to   space 50176K, 0% used [0x00000007b9e00000,0x00000007b9e00000,0x00000007bcf00000)
 ParOldGen       total 129536K, used 129189K [0x0000000780000000, 0x0000000787e80000, 0x00000007aab00000)
  object space 129536K, 99% used [0x0000000780000000,0x0000000787e296e0,0x0000000787e80000)
 Metaspace       used 71950K, capacity 84266K, committed 85976K, reserved 1122304K
  class space    used 9606K, capacity 13215K, committed 13784K, reserved 1048576K
GC Heap History (10 events):
Event: 5615.272 GC heap after
Heap after GC invocations=96 (full 23):
 PSYoungGen      total 252416K, used 28172K [0x00000007aab00000, 0x00000007bdf80000, 0x00000007c0000000)
  eden space 222208K, 0% used [0x00000007aab00000,0x00000007aab00000,0x00000007b8400000)
  from space 30208K, 93% used [0x00000007b8400000,0x00000007b9f831f0,0x00000007ba180000)
  to   space 33792K, 0% used [0x00000007bbe80000,0x00000007bbe80000,0x00000007bdf80000)
 ParOldGen       total 129536K, used 105716K [0x0000000780000000, 0x0000000787e80000, 0x00000007aab00000)
  object space 129536K, 81% used [0x0000000780000000,0x000000078673d218,0x0000000787e80000)
 Metaspace       used 70936K, capacity 83220K, committed 83288K, reserved 1120256K
  class space    used 9515K, capacity 13131K, committed 13144K, reserved 1048576K
}
Event: 5662.047 GC heap before
{Heap before GC invocations=97 (full 23):
 PSYoungGen      total 252416K, used 250380K [0x00000007aab00000, 0x00000007bdf80000, 0x00000007c0000000)
  eden space 222208K, 100% used [0x00000007aab00000,0x00000007b8400000,0x00000007b8400000)
  from space 30208K, 93% used [0x00000007b8400000,0x00000007b9f831f0,0x00000007ba180000)
  to   space 33792K, 0% used [0x00000007bbe80000,0x00000007bbe80000,0x00000007bdf80000)
 ParOldGen       total 129536K, used 105716K [0x0000000780000000, 0x0000000787e80000, 0x00000007aab00000)
  object space 129536K, 81% used [0x0000000780000000,0x000000078673d218,0x0000000787e80000)
 Metaspace       used 71415K, capacity 84052K, committed 84312K, reserved 1120256K
  class space    used 9581K, capacity 13275K, committed 13400K, reserved 1048576K
Event: 5662.115 GC heap after
Heap after GC invocations=97 (full 23):
 PSYoungGen      total 275456K, used 33780K [0x00000007aab00000, 0x00000007be980000, 0x00000007c0000000)
  eden space 241664K, 0% used [0x00000007aab00000,0x00000007aab00000,0x00000007b9700000)
  from space 33792K, 99% used [0x00000007bbe80000,0x00000007bdf7d0d8,0x00000007bdf80000)
  to   space 40448K, 0% used [0x00000007b9700000,0x00000007b9700000,0x00000007bbe80000)
 ParOldGen       total 129536K, used 108890K [0x0000000780000000, 0x0000000787e80000, 0x00000007aab00000)
  object space 129536K, 84% used [0x0000000780000000,0x0000000786a56a60,0x0000000787e80000)
 Metaspace       used 71415K, capacity 84052K, committed 84312K, reserved 1120256K
  class space    used 9581K, capacity 13275K, committed 13400K, reserved 1048576K
}
Event: 5664.941 GC heap before
{Heap before GC invocations=98 (full 23):
 PSYoungGen      total 275456K, used 275444K [0x00000007aab00000, 0x00000007be980000, 0x00000007c0000000)
  eden space 241664K, 100% used [0x00000007aab00000,0x00000007b9700000,0x00000007b9700000)
  from space 33792K, 99% used [0x00000007bbe80000,0x00000007bdf7d0d8,0x00000007bdf80000)
  to   space 40448K, 0% used [0x00000007b9700000,0x00000007b9700000,0x00000007bbe80000)
 ParOldGen       total 129536K, used 108890K [0x0000000780000000, 0x0000000787e80000, 0x00000007aab00000)
  object space 129536K, 84% used [0x0000000780000000,0x0000000786a56a60,0x0000000787e80000)
 Metaspace       used 71852K, capacity 84990K, committed 85208K, reserved 1120256K
  class space    used 9641K, capacity 13520K, committed 13528K, reserved 1048576K
Event: 5664.992 GC heap after
Heap after GC invocations=98 (full 23):
 PSYoungGen      total 282112K, used 39062K [0x00000007aab00000, 0x00000007c0000000, 0x00000007c0000000)
  eden space 241664K, 0% used [0x00000007aab00000,0x00000007aab00000,0x00000007b9700000)
  from space 40448K, 96% used [0x00000007b9700000,0x00000007bbd25b00,0x00000007bbe80000)
  to   space 46080K, 0% used [0x00000007bd300000,0x00000007bd300000,0x00000007c0000000)
 ParOldGen       total 129536K, used 108898K [0x0000000780000000, 0x0000000787e80000, 0x00000007aab00000)
  object space 129536K, 84% used [0x0000000780000000,0x0000000786a58a60,0x0000000787e80000)
 Metaspace       used 71852K, capacity 84990K, committed 85208K, reserved 1120256K
  class space    used 9641K, capacity 13520K, committed 13528K, reserved 1048576K
}
Event: 5968.373 GC heap before
{Heap before GC invocations=99 (full 23):
 PSYoungGen      total 282112K, used 244056K [0x00000007aab00000, 0x00000007c0000000, 0x00000007c0000000)
  eden space 241664K, 84% used [0x00000007aab00000,0x00000007b73307c8,0x00000007b9700000)
  from space 40448K, 96% used [0x00000007b9700000,0x00000007bbd25b00,0x00000007bbe80000)
  to   space 46080K, 0% used [0x00000007bd300000,0x00000007bd300000,0x00000007c0000000)
 ParOldGen       total 129536K, used 108898K [0x0000000780000000, 0x0000000787e80000, 0x00000007aab00000)
  object space 129536K, 84% used [0x0000000780000000,0x0000000786a58a60,0x0000000787e80000)
 Metaspace       used 72287K, capacity 85652K, committed 85976K, reserved 1122304K
  class space    used 9712K, capacity 13688K, committed 13784K, reserved 1048576K
Event: 5968.425 GC heap after
Heap after GC invocations=99 (full 23):
 PSYoungGen      total 294912K, used 37165K [0x00000007aab00000, 0x00000007c0000000, 0x00000007c0000000)
  eden space 248832K, 0% used [0x00000007aab00000,0x00000007aab00000,0x00000007b9e00000)
  from space 46080K, 80% used [0x00000007bd300000,0x00000007bf74b628,0x00000007c0000000)
  to   space 50176K, 0% used [0x00000007b9e00000,0x00000007b9e00000,0x00000007bcf00000)
 ParOldGen       total 129536K, used 111406K [0x0000000780000000, 0x0000000787e80000, 0x00000007aab00000)
  object space 129536K, 86% used [0x0000000780000000,0x0000000786ccbb18,0x0000000787e80000)
 Metaspace       used 72287K, capacity 85652K, committed 85976K, reserved 1122304K
  class space    used 9712K, capacity 13688K, committed 13784K, reserved 1048576K
}
Event: 5968.425 GC heap before
{Heap before GC invocations=100 (full 24):
 PSYoungGen      total 294912K, used 37165K [0x00000007aab00000, 0x00000007c0000000, 0x00000007c0000000)
  eden space 248832K, 0% used [0x00000007aab00000,0x00000007aab00000,0x00000007b9e00000)
  from space 46080K, 80% used [0x00000007bd300000,0x00000007bf74b628,0x00000007c0000000)
  to   space 50176K, 0% used [0x00000007b9e00000,0x00000007b9e00000,0x00000007bcf00000)
 ParOldGen       total 129536K, used 111406K [0x0000000780000000, 0x0000000787e80000, 0x00000007aab00000)
  object space 129536K, 86% used [0x0000000780000000,0x0000000786ccbb18,0x0000000787e80000)
 Metaspace       used 72287K, capacity 85652K, committed 85976K, reserved 1122304K
  class space    used 9712K, capacity 13688K, committed 13784K, reserved 1048576K
Event: 5969.151 GC heap after
Heap after GC invocations=100 (full 24):
 PSYoungGen      total 294912K, used 3947K [0x00000007aab00000, 0x00000007c0000000, 0x00000007c0000000)
  eden space 248832K, 0% used [0x00000007aab00000,0x00000007aab00000,0x00000007b9e00000)
  from space 46080K, 8% used [0x00000007bd300000,0x00000007bd6dad30,0x00000007c0000000)
  to   space 50176K, 0% used [0x00000007b9e00000,0x00000007b9e00000,0x00000007bcf00000)
 ParOldGen       total 129536K, used 129189K [0x0000000780000000, 0x0000000787e80000, 0x00000007aab00000)
  object space 129536K, 99% used [0x0000000780000000,0x0000000787e296e0,0x0000000787e80000)
 Metaspace       used 71383K, capacity 83058K, committed 85976K, reserved 1122304K
  class space    used 9513K, capacity 12938K, committed 13784K, reserved 1048576K
}
Event: 6052.643 GC heap before
{Heap before GC invocations=101 (full 25):
 PSYoungGen      total 294912K, used 252779K [0x00000007aab00000, 0x00000007c0000000, 0x00000007c0000000)
  eden space 248832K, 100% used [0x00000007aab00000,0x00000007b9e00000,0x00000007b9e00000)
  from space 46080K, 8% used [0x00000007bd300000,0x00000007bd6dad30,0x00000007c0000000)
  to   space 50176K, 0% used [0x00000007b9e00000,0x00000007b9e00000,0x00000007bcf00000)
 ParOldGen       total 129536K, used 129189K [0x0000000780000000, 0x0000000787e80000, 0x00000007aab00000)
  object space 129536K, 99% used [0x0000000780000000,0x0000000787e296e0,0x0000000787e80000)
 Metaspace       used 71950K, capacity 84266K, committed 85976K, reserved 1122304K
  class space    used 9606K, capacity 13215K, committed 13784K, reserved 1048576K

